<?xml version="1.0" encoding="UTF-8"?>
<!-- Generated by org.testng.reporters.JUnitReportReporter -->
<testsuite hostname="netsol099" failures="0" tests="1" name="TestCases.TC_Oem" time="19.636" errors="0" timestamp="2024-11-12T16:24:49 IST" skipped="0">
  <testcase classname="TestCases.TC_Oem" name="TC_Login" time="19.636"/>
  <system-out/>
</testsuite> <!-- TestCases.TC_Oem -->
