<?xml version="1.0" encoding="UTF-8"?>
<!-- Generated by org.testng.reporters.JUnitReportReporter -->
<testsuite hostname="netsol099" failures="0" tests="1" name="TC_Super_Admin.TC_Super_Admin_Caste" time="16.300" errors="0" timestamp="2024-11-15T09:58:30 IST" skipped="0">
  <testcase classname="TC_Super_Admin.TC_Super_Admin_Caste" name="TC_LMD_1000_Caste_Curd" time="16.300"/>
  <system-out/>
</testsuite> <!-- TC_Super_Admin.TC_Super_Admin_Caste -->
