<?xml version="1.0" encoding="UTF-8"?>
<!-- Generated by org.testng.reporters.JUnitReportReporter -->
<testsuite hostname="netsol099" failures="0" tests="8" name="LMD_AIO_TestCases.LMD_TC_Login_Super_Admin" time="33.978" errors="0" timestamp="2024-11-13T17:44:10 IST" skipped="0">
  <testcase classname="LMD_AIO_TestCases.LMD_TC_Login_Super_Admin" name="LMD_TC_17_Valid_Login" time="4.095"/>
  <system-out/>
  <testcase classname="LMD_AIO_TestCases.LMD_TC_Login_Super_Admin" name="LMD_TC_18_Invalid_UserName_Login" time="0.758"/>
  <system-out/>
  <testcase classname="LMD_AIO_TestCases.LMD_TC_Login_Super_Admin" name="LMD_TC_19_Invalid_Password" time="0.703"/>
  <system-out/>
  <testcase classname="LMD_AIO_TestCases.LMD_TC_Login_Super_Admin" name="LMD_TC_20_Empty_Username" time="0.567"/>
  <system-out/>
  <testcase classname="LMD_AIO_TestCases.LMD_TC_Login_Super_Admin" name="LMD_TC_21_Empty_Password" time="0.453"/>
  <system-out/>
  <testcase classname="LMD_AIO_TestCases.LMD_TC_Login_Super_Admin" name="LMD_TC_72_Edit_state_Valid_Data" time="7.640"/>
  <system-out/>
  <testcase classname="LMD_AIO_TestCases.LMD_TC_Login_Super_Admin" name="LMD_TC_72_Edite_state_Unchanged" time="10.855"/>
  <system-out/>
  <testcase classname="LMD_AIO_TestCases.LMD_TC_Login_Super_Admin" name="LMD_TC_76_Display_All_States" time="8.907"/>
  <system-out/>
</testsuite> <!-- LMD_AIO_TestCases.LMD_TC_Login_Super_Admin -->
