<?xml version="1.0" encoding="UTF-8"?>
<!-- Generated by org.testng.reporters.JUnitReportReporter -->
<testsuite hostname="netsol099" failures="0" tests="1" name="TestCasesOEM.TC_Oem_Roles" time="19.457" errors="0" timestamp="2024-11-12T17:54:51 IST" skipped="0">
  <testcase classname="TestCasesOEM.TC_Oem_Roles" name="TC_Login" time="19.457"/>
  <system-out/>
</testsuite> <!-- TestCasesOEM.TC_Oem_Roles -->
