<?xml version="1.0" encoding="UTF-8"?>
<!-- Generated by org.testng.reporters.JUnitReportReporter -->
<testsuite hostname="netsol099" failures="0" tests="1" name="TC_TIC_Center_Body.TC_Center_Body_Roles" time="21.979" errors="0" timestamp="2024-11-15T09:10:06 IST" skipped="0">
  <testcase classname="TC_TIC_Center_Body.TC_Center_Body_Roles" name="TC_Roles_Curd" time="21.979"/>
  <system-out/>
</testsuite> <!-- TC_TIC_Center_Body.TC_Center_Body_Roles -->
